<?xml version="1.0" encoding="UTF-8"?>
<testsuite name="com.kodilla.spring.portfolio.BoardTestSuite" tests="4" skipped="0" failures="0" errors="0" timestamp="2019-01-29T20:29:02" hostname="elliot" time="0.044">
  <properties/>
  <testcase name="testTaskAdd" classname="com.kodilla.spring.portfolio.BoardTestSuite" time="0.011"/>
  <testcase name="testToDoList" classname="com.kodilla.spring.portfolio.BoardTestSuite" time="0.01"/>
  <testcase name="testInProgressList" classname="com.kodilla.spring.portfolio.BoardTestSuite" time="0.01"/>
  <testcase name="testDoneList" classname="com.kodilla.spring.portfolio.BoardTestSuite" time="0.01"/>
  <system-out><![CDATA[2019-01-29 21:29:02.886  INFO 5468 --- [    Test worker] .b.t.c.SpringBootTestContextBootstrapper : Neither @ContextConfiguration nor @ContextHierarchy found for test class [com.kodilla.spring.portfolio.BoardTestSuite], using SpringBootContextLoader
2019-01-29 21:29:02.886  INFO 5468 --- [    Test worker] o.s.t.c.support.AbstractContextLoader    : Could not detect default resource locations for test class [com.kodilla.spring.portfolio.BoardTestSuite]: no resource found for suffixes {-context.xml, Context.groovy}.
2019-01-29 21:29:02.886  INFO 5468 --- [    Test worker] t.c.s.AnnotationConfigContextLoaderUtils : Could not detect default configuration classes for test class [com.kodilla.spring.portfolio.BoardTestSuite]: BoardTestSuite does not declare any static, non-private, non-final, nested classes annotated with @Configuration.
2019-01-29 21:29:02.891  INFO 5468 --- [    Test worker] .b.t.c.SpringBootTestContextBootstrapper : Found @SpringBootConfiguration com.kodilla.spring.portfolio.BoardConfig for test class com.kodilla.spring.portfolio.BoardTestSuite
2019-01-29 21:29:02.892  INFO 5468 --- [    Test worker] .b.t.c.SpringBootTestContextBootstrapper : Loaded default TestExecutionListener class names from location [META-INF/spring.factories]: [org.springframework.boot.test.autoconfigure.restdocs.RestDocsTestExecutionListener, org.springframework.boot.test.autoconfigure.web.client.MockRestServiceServerResetTestExecutionListener, org.springframework.boot.test.autoconfigure.web.servlet.MockMvcPrintOnlyOnFailureTestExecutionListener, org.springframework.boot.test.autoconfigure.web.servlet.WebDriverTestExecutionListener, org.springframework.boot.test.mock.mockito.MockitoTestExecutionListener, org.springframework.boot.test.mock.mockito.ResetMocksTestExecutionListener, org.springframework.test.context.web.ServletTestExecutionListener, org.springframework.test.context.support.DirtiesContextBeforeModesTestExecutionListener, org.springframework.test.context.support.DependencyInjectionTestExecutionListener, org.springframework.test.context.support.DirtiesContextTestExecutionListener, org.springframework.test.context.transaction.TransactionalTestExecutionListener, org.springframework.test.context.jdbc.SqlScriptsTestExecutionListener]
2019-01-29 21:29:02.894  INFO 5468 --- [    Test worker] .b.t.c.SpringBootTestContextBootstrapper : Using TestExecutionListeners: [org.springframework.test.context.support.DirtiesContextBeforeModesTestExecutionListener@73b50dbf, org.springframework.boot.test.mock.mockito.MockitoTestExecutionListener@2ae034e7, org.springframework.boot.test.autoconfigure.SpringBootDependencyInjectionTestExecutionListener@45df927d, org.springframework.test.context.support.DirtiesContextTestExecutionListener@57931d97, org.springframework.boot.test.autoconfigure.restdocs.RestDocsTestExecutionListener@c103a2f, org.springframework.boot.test.autoconfigure.web.client.MockRestServiceServerResetTestExecutionListener@277c7046, org.springframework.boot.test.autoconfigure.web.servlet.MockMvcPrintOnlyOnFailureTestExecutionListener@1e8942ae, org.springframework.boot.test.autoconfigure.web.servlet.WebDriverTestExecutionListener@51398b4d, org.springframework.boot.test.mock.mockito.ResetMocksTestExecutionListener@5c750207]

  .   ____          _            __ _ _
 /\\ / ___'_ __ _ _(_)_ __  __ _ \ \ \ \
( ( )\___ | '_ | '_| | '_ \/ _` | \ \ \ \
 \\/  ___)| |_)| | | | | || (_| |  ) ) ) )
  '  |____| .__|_| |_|_| |_\__, | / / / /
 =========|_|==============|___/=/_/_/_/
 :: Spring Boot ::        (v2.1.0.RELEASE)

2019-01-29 21:29:02.914  INFO 5468 --- [    Test worker] c.k.spring.portfolio.BoardTestSuite      : Starting BoardTestSuite on elliot with PID 5468 (started by elliot in /media/elliot/Lokalny/projects_java/kodilla-course/kodilla-spring)
2019-01-29 21:29:02.915  INFO 5468 --- [    Test worker] c.k.spring.portfolio.BoardTestSuite      : No active profile set, falling back to default profiles: default
2019-01-29 21:29:02.938  INFO 5468 --- [    Test worker] c.k.spring.portfolio.BoardTestSuite      : Started BoardTestSuite in 0.042 seconds (JVM running for 3.156)
]]></system-out>
  <system-err><![CDATA[]]></system-err>
</testsuite>
