<?xml version="1.0" encoding="UTF-8"?>
<testsuite name="com.kodilla.spring.library.LibraryTestSuite" tests="3" skipped="0" failures="0" errors="0" timestamp="2019-01-29T20:29:01" hostname="elliot" time="0.712">
  <properties/>
  <testcase name="testSaveToDb" classname="com.kodilla.spring.library.LibraryTestSuite" time="0.509"/>
  <testcase name="testLoadFromDb" classname="com.kodilla.spring.library.LibraryTestSuite" time="0.112"/>
  <testcase name="testContext" classname="com.kodilla.spring.library.LibraryTestSuite" time="0.089"/>
  <system-out><![CDATA[2019-01-29 21:29:01.321  INFO 5468 --- [    Test worker] .b.t.c.SpringBootTestContextBootstrapper : Neither @ContextConfiguration nor @ContextHierarchy found for test class [com.kodilla.spring.library.LibraryTestSuite], using SpringBootContextLoader
2019-01-29 21:29:01.322  INFO 5468 --- [    Test worker] o.s.t.c.support.AbstractContextLoader    : Could not detect default resource locations for test class [com.kodilla.spring.library.LibraryTestSuite]: no resource found for suffixes {-context.xml, Context.groovy}.
2019-01-29 21:29:01.322  INFO 5468 --- [    Test worker] t.c.s.AnnotationConfigContextLoaderUtils : Could not detect default configuration classes for test class [com.kodilla.spring.library.LibraryTestSuite]: LibraryTestSuite does not declare any static, non-private, non-final, nested classes annotated with @Configuration.
2019-01-29 21:29:01.330  INFO 5468 --- [    Test worker] .b.t.c.SpringBootTestContextBootstrapper : Found @SpringBootConfiguration com.kodilla.spring.library.LibraryConfig for test class com.kodilla.spring.library.LibraryTestSuite
2019-01-29 21:29:01.332  INFO 5468 --- [    Test worker] .b.t.c.SpringBootTestContextBootstrapper : Loaded default TestExecutionListener class names from location [META-INF/spring.factories]: [org.springframework.boot.test.autoconfigure.restdocs.RestDocsTestExecutionListener, org.springframework.boot.test.autoconfigure.web.client.MockRestServiceServerResetTestExecutionListener, org.springframework.boot.test.autoconfigure.web.servlet.MockMvcPrintOnlyOnFailureTestExecutionListener, org.springframework.boot.test.autoconfigure.web.servlet.WebDriverTestExecutionListener, org.springframework.boot.test.mock.mockito.MockitoTestExecutionListener, org.springframework.boot.test.mock.mockito.ResetMocksTestExecutionListener, org.springframework.test.context.web.ServletTestExecutionListener, org.springframework.test.context.support.DirtiesContextBeforeModesTestExecutionListener, org.springframework.test.context.support.DependencyInjectionTestExecutionListener, org.springframework.test.context.support.DirtiesContextTestExecutionListener, org.springframework.test.context.transaction.TransactionalTestExecutionListener, org.springframework.test.context.jdbc.SqlScriptsTestExecutionListener]
2019-01-29 21:29:01.334  INFO 5468 --- [    Test worker] .b.t.c.SpringBootTestContextBootstrapper : Using TestExecutionListeners: [org.springframework.test.context.support.DirtiesContextBeforeModesTestExecutionListener@6da46cfa, org.springframework.boot.test.mock.mockito.MockitoTestExecutionListener@3fa71db0, org.springframework.boot.test.autoconfigure.SpringBootDependencyInjectionTestExecutionListener@4d9d8599, org.springframework.test.context.support.DirtiesContextTestExecutionListener@70cf3a5, org.springframework.boot.test.autoconfigure.restdocs.RestDocsTestExecutionListener@49019c02, org.springframework.boot.test.autoconfigure.web.client.MockRestServiceServerResetTestExecutionListener@4e4c420f, org.springframework.boot.test.autoconfigure.web.servlet.MockMvcPrintOnlyOnFailureTestExecutionListener@6fdcb712, org.springframework.boot.test.autoconfigure.web.servlet.WebDriverTestExecutionListener@fadf097, org.springframework.boot.test.mock.mockito.ResetMocksTestExecutionListener@4a098cec]

  .   ____          _            __ _ _
 /\\ / ___'_ __ _ _(_)_ __  __ _ \ \ \ \
( ( )\___ | '_ | '_| | '_ \/ _` | \ \ \ \
 \\/  ___)| |_)| | | | | || (_| |  ) ) ) )
  '  |____| .__|_| |_|_| |_\__, | / / / /
 =========|_|==============|___/=/_/_/_/
 :: Spring Boot ::        (v2.1.0.RELEASE)

2019-01-29 21:29:01.363  INFO 5468 --- [    Test worker] c.k.spring.library.LibraryTestSuite      : Starting LibraryTestSuite on elliot with PID 5468 (started by elliot in /media/elliot/Lokalny/projects_java/kodilla-course/kodilla-spring)
2019-01-29 21:29:01.364  INFO 5468 --- [    Test worker] c.k.spring.library.LibraryTestSuite      : No active profile set, falling back to default profiles: default
2019-01-29 21:29:01.491  INFO 5468 --- [    Test worker] c.k.spring.library.LibraryTestSuite      : Started LibraryTestSuite in 0.148 seconds (JVM running for 1.709)
Saving data to the database.
Loading data from the database
===== Beans list: ==== >>
org.springframework.context.annotation.internalConfigurationAnnotationProcessor
org.springframework.context.annotation.internalAutowiredAnnotationProcessor
org.springframework.context.annotation.internalCommonAnnotationProcessor
org.springframework.context.event.internalEventListenerProcessor
org.springframework.context.event.internalEventListenerFactory
springRunner
calculator
display
forumUser
library
libraryConfig
libraryDbController
boardConfig
readerConfig
circle
shapesFactory
triangle
org.springframework.boot.autoconfigure.AutoConfigurationPackages
getBoard
toDoList
inProgressList
doneList
getReader
book1
book2
createSquare
chosenShape
org.springframework.boot.autoconfigure.context.PropertyPlaceholderAutoConfiguration
org.springframework.boot.autoconfigure.condition.BeanTypeRegistry
propertySourcesPlaceholderConfigurer
org.springframework.boot.autoconfigure.jmx.JmxAutoConfiguration
mbeanExporter
objectNamingStrategy
mbeanServer
org.springframework.boot.autoconfigure.context.ConfigurationPropertiesAutoConfiguration
org.springframework.boot.context.properties.ConfigurationPropertiesBindingPostProcessor
org.springframework.boot.context.properties.ConfigurationBeanFactoryMetadata
org.springframework.boot.autoconfigure.info.ProjectInfoAutoConfiguration
spring.info-org.springframework.boot.autoconfigure.info.ProjectInfoProperties
org.springframework.boot.autoconfigure.task.TaskExecutionAutoConfiguration
taskExecutorBuilder
applicationTaskExecutor
spring.task.execution-org.springframework.boot.autoconfigure.task.TaskExecutionProperties
org.springframework.boot.autoconfigure.task.TaskSchedulingAutoConfiguration
taskSchedulerBuilder
spring.task.scheduling-org.springframework.boot.autoconfigure.task.TaskSchedulingProperties
<< ===== Beans list ====
]]></system-out>
  <system-err><![CDATA[]]></system-err>
</testsuite>
