<?xml version="1.0" encoding="UTF-8"?>
<testsuite name="com.kodilla.testing.library.BookDirectoryTestSuite" tests="6" skipped="0" failures="0" errors="0"
           timestamp="2019-01-10T14:55:03" hostname="elliot" time="0.017">
    <properties/>
    <testcase name="testListBooksWithHandsOf0" classname="com.kodilla.testing.library.BookDirectoryTestSuite"
              time="0.008"/>
    <testcase name="testListBooksWithHandsOf1" classname="com.kodilla.testing.library.BookDirectoryTestSuite"
              time="0.0"/>
    <testcase name="testListBooksWithHandsOf5" classname="com.kodilla.testing.library.BookDirectoryTestSuite"
              time="0.001"/>
    <testcase name="testListBooksWithConditionFragmentShorterThan3"
              classname="com.kodilla.testing.library.BookDirectoryTestSuite" time="0.005"/>
    <testcase name="testListBooksWithConditionMoreThan20" classname="com.kodilla.testing.library.BookDirectoryTestSuite"
              time="0.001"/>
    <testcase name="testListBooksWithConditionsReturnList"
              classname="com.kodilla.testing.library.BookDirectoryTestSuite" time="0.001"/>
    <system-out><![CDATA[]]></system-out>
    <system-err><![CDATA[]]></system-err>
</testsuite>
