<?xml version="1.0" encoding="UTF-8"?>
<testsuite name="com.kodilla.testing.collection.CollectionTestSuite" tests="2" skipped="0" failures="0" errors="0" timestamp="2018-11-12T10:50:00" hostname="elliot" time="0.005">
  <properties/>
  <testcase name="testOddNumbersExterminatorEmptyList" classname="com.kodilla.testing.collection.CollectionTestSuite" time="0.004"/>
  <testcase name="testOddNumbersExterminatorNormalList" classname="com.kodilla.testing.collection.CollectionTestSuite" time="0.0"/>
  <system-out><![CDATA[Test Case: begin
Testing empty List .. 
Test Case: end
Test Case: begin
Testing Normal List 
Test Case: end
]]></system-out>
  <system-err><![CDATA[]]></system-err>
</testsuite>
