<?xml version="1.0" encoding="UTF-8"?>
<testsuite name="com.kodilla.patterns.singleton.com.kodilla.patterns.prototype.library.LibraryTestSuite" tests="1" skipped="0" failures="0" errors="0" timestamp="2019-01-29T20:28:58" hostname="elliot" time="0.018">
  <properties/>
  <testcase name="testGetBooks" classname="com.kodilla.patterns.singleton.com.kodilla.patterns.prototype.library.LibraryTestSuite" time="0.018"/>
  <system-out><![CDATA[]]></system-out>
  <system-err><![CDATA[]]></system-err>
</testsuite>
