<?xml version="1.0" encoding="UTF-8"?>
<testsuite name="com.kodilla.patterns.singleton.LoggerTestSuite" tests="1" skipped="0" failures="0" errors="0"
           timestamp="2019-01-29T20:28:58" hostname="elliot" time="0.001">
    <properties/>
    <testcase name="testLog" classname="com.kodilla.patterns.singleton.LoggerTestSuite" time="0.001"/>
    <system-out><![CDATA[Log: [witaj]
]]></system-out>
    <system-err><![CDATA[]]></system-err>
</testsuite>
